[   1914703] Error running call reference function for resource spawn: citizen:/scripting/lua/scheduler.lua:351: server.lua:7: attempt to index a nil value (local 'user')
[   1914703] stack traceback:
[   1914703] 	server.lua:7: in upvalue 'ref'
[   1914703] 	citizen:/scripting/lua/scheduler.lua:337: in function <citizen:/scripting/lua/scheduler.lua:336>
[   1914703] 	[C]: in function 'xpcall'
[   1914703] 	citizen:/scripting/lua/scheduler.lua:336: in function <citizen:/scripting/lua/scheduler.lua:335>
[   1914703] stack traceback:
[   1914703] 	[C]: in function 'error'
[   1914703] 	citizen:/scripting/lua/scheduler.lua:351: in function <citizen:/scripting/lua/scheduler.lua:322>
[   1914703] 	[C]: in function 'coroutine.resume'
[   1914703] 	citizen:/scripting/lua/scheduler.lua:34: in field 'CreateThreadNow'
[   1914703] 	citizen:/scripting/lua/scheduler.lua:174: in function <citizen:/scripting/lua/scheduler.lua:138>
[   1914718] Error running system event handling function for resource essentialmode: citizen:/scripting/lua/scheduler.lua:41: Failed to execute thread: citizen:/scripting/lua/MessagePack.lua:830: missing bytes
[   1914718] stack traceback:
[   1914718] 	[C]: in function 'error'
[   1914718] 	citizen:/scripting/lua/MessagePack.lua:830: in method 'underflow'
[   1914718] 	citizen:/scripting/lua/MessagePack.lua:465: in field 'any'
[   1914718] 	citizen:/scripting/lua/MessagePack.lua:860: in field 'unpack'
[   1914718] 	citizen:/scripting/lua/scheduler.lua:563: in local 'cb'
[   1914718] 	server/player/login.lua:147: in upvalue 'handler'
[   1914718] 	citizen:/scripting/lua/scheduler.lua:175: in function <citizen:/scripting/lua/scheduler.lua:174>
[   1914718] stack traceback:
[   1914718] 	[C]: in function 'error'
[   1914718] 	citizen:/scripting/lua/scheduler.lua:41: in field 'CreateThreadNow'
[   1914718] 	citizen:/scripting/lua/scheduler.lua:174: in function <citizen:/scripting/lua/scheduler.lua:138>
